<?xml version="1.0" encoding="UTF-8"?>
<!-- Generated by org.testng.reporters.JUnitReportReporter -->
<testsuite skipped="0" hostname="3010-009" name="DemoQa.DemoQA.Reg_Page" tests="2" failures="0" timestamp="29 Jun 2017 14:49:54 GMT" time="3.256" errors="0">
  <testcase name="Registration" time="3.047" classname="DemoQa.DemoQA.Reg_Page"/>
  <testcase name="SwitchingBack" time="0.209" classname="DemoQa.DemoQA.Reg_Page"/>
</testsuite> <!-- DemoQa.DemoQA.Reg_Page -->
