<?xml version="1.0" encoding="UTF-8"?>
<!-- Generated by org.testng.reporters.JUnitReportReporter -->
<testsuite skipped="0" hostname="3010-009" name="DemoQa.DemoQA.Interactions_drag" tests="2" failures="0" timestamp="03 Jul 2017 06:24:42 GMT" time="0.634" errors="0">
  <testcase name="dragelement" time="0.269" classname="DemoQa.DemoQA.Interactions_drag"/>
  <testcase name="drag_drop" time="0.365" classname="DemoQa.DemoQA.Interactions_drag"/>
</testsuite> <!-- DemoQa.DemoQA.Interactions_drag -->
