<?xml version="1.0" encoding="UTF-8"?>
<!-- Generated by org.testng.reporters.JUnitReportReporter -->
<testsuite skipped="0" hostname="3010-009" name="DemoQa.DemoQA.HomePageTest" tests="4" failures="0" timestamp="03 Jul 2017 11:07:51 GMT" time="4.164" errors="0">
  <testcase name="switch_tabs" time="0.112" classname="DemoQa.DemoQA.HomePageTest"/>
  <testcase name="switch_tabs" time="3.935" classname="DemoQa.DemoQA.HomePageTest"/>
  <testcase name="Homepg" time="0.067" classname="DemoQa.DemoQA.HomePageTest"/>
  <testcase name="Homepg" time="0.050" classname="DemoQa.DemoQA.HomePageTest"/>
</testsuite> <!-- DemoQa.DemoQA.HomePageTest -->
