<?xml version="1.0" encoding="UTF-8"?>
<!-- Generated by org.testng.reporters.JUnitReportReporter -->
<testsuite skipped="0" hostname="3010-009" name="DemoQa.DemoQA.HomePageTest" tests="2" failures="0" timestamp="03 Jul 2017 06:24:42 GMT" time="6.187" errors="0">
  <testcase name="switch_tabs" time="0.159" classname="DemoQa.DemoQA.HomePageTest"/>
  <testcase name="Homepg" time="6.028" classname="DemoQa.DemoQA.HomePageTest"/>
</testsuite> <!-- DemoQa.DemoQA.HomePageTest -->
