<?xml version="1.0" encoding="UTF-8"?>
<!-- Generated by org.testng.reporters.JUnitReportReporter -->
<testsuite skipped="0" hostname="3010-009" name="DemoQa.DemoQA.Interactions_drag" tests="1" failures="0" timestamp="29 Jun 2017 14:49:54 GMT" time="0.258" errors="0">
  <testcase name="dragelement" time="0.258" classname="DemoQa.DemoQA.Interactions_drag"/>
</testsuite> <!-- DemoQa.DemoQA.Interactions_drag -->
