<?xml version="1.0" encoding="UTF-8"?>
<!-- Generated by org.testng.reporters.JUnitReportReporter -->
<testsuite skipped="0" hostname="3010-009" name="DemoQa.DemoQA.HomePageTest" tests="2" failures="0" timestamp="29 Jun 2017 14:49:54 GMT" time="1.181" errors="0">
  <testcase name="switch_tabs" time="0.179" classname="DemoQa.DemoQA.HomePageTest"/>
  <testcase name="Homepg" time="1.002" classname="DemoQa.DemoQA.HomePageTest"/>
</testsuite> <!-- DemoQa.DemoQA.HomePageTest -->
