<?xml version="1.0" encoding="UTF-8"?>
<!-- Generated by org.testng.reporters.JUnitReportReporter -->
<testsuite skipped="0" hostname="3010-009" name="DemoQa.DemoQA.Reg_Page" tests="2" failures="0" timestamp="03 Jul 2017 06:24:42 GMT" time="6.331" errors="0">
  <testcase name="Registration" time="6.168" classname="DemoQa.DemoQA.Reg_Page"/>
  <testcase name="SwitchingBack" time="0.163" classname="DemoQa.DemoQA.Reg_Page"/>
</testsuite> <!-- DemoQa.DemoQA.Reg_Page -->
