<?xml version="1.0" encoding="UTF-8"?>
<!-- Generated by org.testng.reporters.JUnitReportReporter -->
<testsuite skipped="0" hostname="3010-009" name="DemoQa.DemoQA.Reg_Page" tests="2" failures="0" timestamp="26 Jun 2017 11:09:49 GMT" time="5.032" errors="0">
  <testcase name="Homepg" time="1.224" classname="DemoQa.DemoQA.Reg_Page"/>
  <testcase name="Registration" time="3.808" classname="DemoQa.DemoQA.Reg_Page"/>
</testsuite> <!-- DemoQa.DemoQA.Reg_Page -->
